<?xml version="1.0" encoding="UTF-8"?>
<!-- Generated by org.testng.reporters.JUnitReportReporter -->
<testsuite hostname="DESKTOP-9RG7NDH" failures="0" tests="6" name="api.testcases.UserTestDDT" time="10.274" errors="0" timestamp="2024-05-22T11:01:39 IST" skipped="0">
  <testcase classname="api.testcases.UserTestDDT" name="testCreateUser" time="1.161"/>
  <testcase classname="api.testcases.UserTestDDT" name="testCreateUser" time="4.441"/>
  <testcase classname="api.testcases.UserTestDDT" name="testCreateUser" time="1.201"/>
  <testcase classname="api.testcases.UserTestDDT" name="testDeleteUser" time="1.165"/>
  <testcase classname="api.testcases.UserTestDDT" name="testDeleteUser" time="1.175"/>
  <testcase classname="api.testcases.UserTestDDT" name="testDeleteUser" time="1.131"/>
</testsuite> <!-- api.testcases.UserTestDDT -->
