<?xml version="1.0" encoding="UTF-8"?>
<!-- Generated by org.testng.reporters.JUnitReportReporter -->
<testsuite hostname="DESKTOP-9RG7NDH" failures="0" tests="12" name="api.testcases.UserTestDDT" time="14.722" errors="0" timestamp="2024-05-23T11:42:37 IST" skipped="0">
  <testcase classname="api.testcases.UserTestDDT" name="testCreateUser" time="1.150"/>
  <testcase classname="api.testcases.UserTestDDT" name="testCreateUser" time="1.228"/>
  <testcase classname="api.testcases.UserTestDDT" name="testCreateUser" time="1.164"/>
  <testcase classname="api.testcases.UserTestDDT" name="testCreateUser" time="1.173"/>
  <testcase classname="api.testcases.UserTestDDT" name="testGetUser" time="1.141"/>
  <testcase classname="api.testcases.UserTestDDT" name="testGetUser" time="1.213"/>
  <testcase classname="api.testcases.UserTestDDT" name="testGetUser" time="1.162"/>
  <testcase classname="api.testcases.UserTestDDT" name="testGetUser" time="1.209"/>
  <testcase classname="api.testcases.UserTestDDT" name="testDeleteUser" time="1.794"/>
  <testcase classname="api.testcases.UserTestDDT" name="testDeleteUser" time="1.163"/>
  <testcase classname="api.testcases.UserTestDDT" name="testDeleteUser" time="1.153"/>
  <testcase classname="api.testcases.UserTestDDT" name="testDeleteUser" time="1.172"/>
</testsuite> <!-- api.testcases.UserTestDDT -->
