<?xml version="1.0" encoding="UTF-8"?>
<!-- Generated by org.testng.reporters.JUnitReportReporter -->
<testsuite hostname="DESKTOP-9RG7NDH" failures="0" tests="4" name="api.testcases.UserTest" time="10.658" errors="0" timestamp="2024-05-24T11:12:59 IST" skipped="0">
  <testcase classname="api.testcases.UserTest" name="testCreateUser" time="5.950"/>
  <testcase classname="api.testcases.UserTest" name="testGetUserData" time="1.229"/>
  <testcase classname="api.testcases.UserTest" name="testUpdateUser" time="2.336"/>
  <testcase classname="api.testcases.UserTest" name="testDeleteUser" time="1.143"/>
</testsuite> <!-- api.testcases.UserTest -->
