<?xml version="1.0" encoding="UTF-8"?>
<!-- Generated by org.testng.reporters.JUnitReportReporter -->
<testsuite hostname="DESKTOP-9RG7NDH" failures="0" tests="4" name="api.testcases.UserTest" time="10.603" errors="0" timestamp="2024-05-26T18:42:41 IST" skipped="0">
  <testcase classname="api.testcases.UserTest" name="testCreateUser" time="5.687"/>
  <testcase classname="api.testcases.UserTest" name="testGetUserData" time="1.267"/>
  <testcase classname="api.testcases.UserTest" name="testUpdateUser" time="2.427"/>
  <testcase classname="api.testcases.UserTest" name="testDeleteUser" time="1.222"/>
</testsuite> <!-- api.testcases.UserTest -->
