<?xml version="1.0" encoding="UTF-8"?>
<!-- Generated by org.testng.reporters.JUnitReportReporter -->
<testsuite hostname="DESKTOP-9RG7NDH" failures="0" tests="4" name="api.testcases.UserTest" time="12.381" errors="0" timestamp="2024-05-23T11:42:37 IST" skipped="0">
  <testcase classname="api.testcases.UserTest" name="testCreateUser" time="7.279"/>
  <testcase classname="api.testcases.UserTest" name="testGetUserData" time="1.549"/>
  <testcase classname="api.testcases.UserTest" name="testUpdateUser" time="2.378"/>
  <testcase classname="api.testcases.UserTest" name="testDeleteUser" time="1.175"/>
</testsuite> <!-- api.testcases.UserTest -->
