<?xml version="1.0" encoding="UTF-8"?>
<!-- Generated by org.testng.reporters.JUnitReportReporter -->
<testsuite hostname="DESKTOP-9RG7NDH" failures="0" tests="4" name="api.testcases.UserTest" time="12.488" errors="0" timestamp="2024-05-21T11:03:28 IST" skipped="0">
  <testcase classname="api.testcases.UserTest" name="testCreateUser" time="7.656"/>
  <testcase classname="api.testcases.UserTest" name="testGetUserData" time="1.255"/>
  <testcase classname="api.testcases.UserTest" name="testUpdateUser" time="2.384"/>
  <testcase classname="api.testcases.UserTest" name="testDeleteUser" time="1.193"/>
</testsuite> <!-- api.testcases.UserTest -->
